2022/09/06 21:40:40 #################################################################################
2022/09/06 21:40:40 Verifying if expected Environment variables are defined...
2022/09/06 21:40:42 Folder full_20220906 created successfully.
2022/09/06 21:40:42 Verifying if folder full_20220906 exists and create it if doesn't...
2022/09/06 21:40:43 Folder full_20220906 created successfully.
2022/09/06 21:40:44 Running MariaDB full backup...
2022/09/06 21:41:03 MariaDB full backup generated successfully.
2022/09/06 21:41:19 #################################################################################
2022/09/06 21:41:19 Verifying if expected Environment variables are defined...
2022/09/06 21:41:20 Folder full_20220906 created successfully.
2022/09/06 21:41:20 Verifying if folder full_20220906 exists and create it if doesn't...
2022/09/06 21:41:21 Deleting previous full backup...
2022/09/06 21:41:22 Previous full backup deleted successfully.
2022/09/06 21:41:23 Running MariaDB full backup...
2022/09/06 21:41:42 MariaDB full backup generated successfully.
2022/09/08 17:55:56 #################################################################################
2022/09/08 17:55:57 Verifying if expected Environment variables are defined...
2022/09/08 17:55:57 Folder full_20220908 created successfully.
2022/09/08 17:55:57 Verifying if folder full_20220908 exists and create it if doesn't...
2022/09/08 17:55:57 Folder full_20220908 created successfully.
2022/09/08 17:55:57 Running MariaDB full backup...
2022/09/08 18:13:05 #################################################################################
2022/09/08 18:13:05 Verifying if expected Environment variables are defined...
2022/09/08 18:13:05 Folder full_20220908 created successfully.
2022/09/08 18:13:05 Verifying if folder full_20220908 exists and create it if doesn't...
2022/09/08 18:13:05 Deleting previous full backup...
2022/09/08 18:13:05 Previous full backup deleted successfully.
2022/09/08 18:13:05 Running MariaDB full backup...
2022/09/08 18:13:16 MariaDB full backup generated successfully.
2022/09/08 18:34:02 #################################################################################
2022/09/08 18:34:02 Verifying if expected Environment variables are defined...
2022/09/08 18:34:02 Folder full_20220908 created successfully.
2022/09/08 18:34:02 Verifying if folder full_20220908 exists and create it if doesn't...
2022/09/08 18:34:02 Deleting previous full backup...
2022/09/08 18:34:02 Previous full backup deleted successfully.
2022/09/08 18:34:02 Running MariaDB full backup...
2022/09/08 18:34:16 MariaDB full backup generated successfully.
2022/09/08 18:34:16 Compressing MariaDB full backup files.
2022/09/08 18:34:22 MariaDB full backup files compressed successfuly.
2022/09/08 18:52:41 #################################################################################
2022/09/08 18:52:41 Verifying if expected Environment variables are defined...
2022/09/08 18:52:41 Folder full_20220908 created successfully.
2022/09/08 18:52:41 Verifying if folder full_20220908 exists and create it if doesn't...
2022/09/08 18:52:41 Deleting previous full backup...
2022/09/08 18:52:41 Previous full backup deleted successfully.
2022/09/08 18:52:41 Running MariaDB full backup...
2022/09/08 18:52:48 MariaDB full backup generated successfully.
2022/09/08 18:52:48 Compressing MariaDB full backup files.
2022/09/08 18:52:52 MariaDB full backup files compressed successfuly.
2022/09/08 18:52:52 Deleting compressed files...
2022/09/08 18:52:52 Compressed files deleted.
2022/09/08 18:52:52 End of MariaDB backup full routine.
2022/09/08 18:54:22 #################################################################################
2022/09/08 18:54:22 Verifying if expected Environment variables are defined...
2022/09/08 18:54:22 Folder full_20220908 created successfully.
2022/09/08 18:54:22 Verifying if folder full_20220908 exists and create it if doesn't...
2022/09/08 18:54:22 Deleting previous full backup...
2022/09/08 18:54:22 Previous full backup deleted successfully.
2022/09/08 18:54:22 Running MariaDB full backup...
2022/09/08 18:54:29 MariaDB full backup generated successfully.
2022/09/08 18:54:29 Compressing MariaDB full backup files.
2022/09/08 18:54:33 MariaDB full backup files compressed successfuly.
2022/09/08 18:54:33 Deleting compressed files...
2022/09/08 18:54:34 Compressed files deleted.
2022/09/08 18:54:34 End of MariaDB backup full routine.
2022/09/08 18:56:54 #################################################################################
2022/09/08 18:56:54 Verifying if expected Environment variables are defined...
2022/09/08 18:56:54 Folder full_20220908 created successfully.
2022/09/08 18:56:54 Verifying if folder full_20220908 exists and create it if doesn't...
2022/09/08 18:56:54 Deleting previous full backup...
2022/09/08 18:56:54 Previous full backup deleted successfully.
2022/09/08 18:56:54 Running MariaDB full backup...
2022/09/08 18:57:01 MariaDB full backup generated successfully.
2022/09/08 18:57:01 Compressing MariaDB full backup files.
2022/09/08 18:57:06 MariaDB full backup files compressed successfuly.
2022/09/08 18:57:06 Deleting compressed files...
2022/09/08 18:57:06 Compressed files deleted.
2022/09/08 18:57:06 End of MariaDB backup full routine.
2022/09/08 18:57:55 #################################################################################
2022/09/08 18:57:55 Verifying if expected Environment variables are defined...
2022/09/08 18:57:55 Folder full_20220908 created successfully.
2022/09/08 18:57:55 Verifying if folder full_20220908 exists and create it if doesn't...
2022/09/08 18:57:55 Folder full_20220908 created successfully.
2022/09/08 18:57:55 Running MariaDB full backup...
2022/09/08 18:58:03 MariaDB full backup generated successfully.
2022/09/08 18:58:03 Compressing MariaDB full backup files.
2022/09/08 18:58:07 MariaDB full backup files compressed successfuly.
2022/09/08 18:58:07 Deleting compressed files...
2022/09/08 18:58:07 Compressed files deleted.
2022/09/08 18:58:07 End of MariaDB backup full routine.
2022/09/08 18:59:59 #################################################################################
2022/09/08 18:59:59 Verifying if expected Environment variables are defined...
2022/09/08 18:59:59 Folder full_20220908 created successfully.
2022/09/08 18:59:59 Verifying if folder full_20220908 exists and create it if doesn't...
2022/09/08 18:59:59 Deleting previous full backup...
2022/09/08 18:59:59 Previous full backup deleted successfully.
2022/09/08 18:59:59 Running MariaDB full backup...
2022/09/08 19:00:06 MariaDB full backup generated successfully.
2022/09/08 19:00:06 Compressing MariaDB full backup files.
2022/09/08 19:00:09 MariaDB full backup files compressed successfuly.
2022/09/08 19:00:09 Deleting compressed files...
2022/09/08 19:00:09 Compressed files deleted.
2022/09/08 19:00:09 End of MariaDB backup full routine.
2022/09/08 19:15:34 #################################################################################
2022/09/08 19:15:34 Verifying if expected Environment variables are defined...
2022/09/08 19:15:34 Folder full_20220908 created successfully.
2022/09/08 19:15:34 Verifying if folder full_20220908 exists and create it if doesn't...
2022/09/08 19:15:34 Deleting previous full backup...
2022/09/08 19:15:34 Previous full backup deleted successfully.
2022/09/08 19:15:34 Running MariaDB full backup...
2022/09/08 19:15:40 MariaDB full backup generated successfully.
2022/09/08 19:15:40 MariaDB full backup files compressed successfuly.
2022/09/08 19:15:40 Compressing MariaDB full backup files.
2022/09/08 19:15:41 Error compressing mariadb full backup files.
2022/09/08 19:15:41 End of MariaDB backup full routine.
2022/09/08 19:16:10 #################################################################################
2022/09/08 19:16:10 Verifying if expected Environment variables are defined...
2022/09/08 19:16:10 Folder full_20220908 created successfully.
2022/09/08 19:16:10 Verifying if folder full_20220908 exists and create it if doesn't...
2022/09/08 19:16:10 Deleting previous full backup...
2022/09/08 19:16:11 Previous full backup deleted successfully.
2022/09/08 19:16:11 Running MariaDB full backup...
2022/09/08 19:16:17 MariaDB full backup generated successfully.
2022/09/08 19:16:17 MariaDB full backup files compressed successfuly.
2022/09/08 19:16:17 Compressing MariaDB full backup files.
2022/09/08 19:16:17 Error compressing mariadb full backup files.
2022/09/08 19:16:17 End of MariaDB backup full routine.
2022/09/08 19:18:53 #################################################################################
2022/09/08 19:18:53 Verifying if expected Environment variables are defined...
2022/09/08 19:18:53 Folder full_20220908 created successfully.
2022/09/08 19:18:53 Verifying if folder full_20220908 exists and create it if doesn't...
2022/09/08 19:18:53 Deleting previous full backup...
2022/09/08 19:18:53 Previous full backup deleted successfully.
2022/09/08 19:18:53 Running MariaDB full backup...
2022/09/08 19:19:00 MariaDB full backup generated successfully.
2022/09/08 19:19:00 MariaDB full backup files compressed successfuly.
2022/09/08 19:19:00 Compressing MariaDB full backup files.
2022/09/08 19:19:04 Deleting compressed files...
2022/09/08 19:19:04 Compressed files deleted.
2022/09/08 19:19:04 End of MariaDB backup full routine.
2022/09/08 19:19:35 #################################################################################
2022/09/08 19:19:35 Verifying if expected Environment variables are defined...
2022/09/08 19:19:35 Folder full_20220908 created successfully.
2022/09/08 19:19:35 Verifying if folder full_20220908 exists and create it if doesn't...
2022/09/08 19:19:35 Deleting previous full backup...
2022/09/08 19:19:35 Previous full backup deleted successfully.
2022/09/08 19:19:36 Running MariaDB full backup...
2022/09/08 19:19:41 MariaDB full backup generated successfully.
2022/09/08 19:19:41 MariaDB full backup files compressed successfuly.
2022/09/08 19:19:41 Compressing MariaDB full backup files.
2022/09/08 19:19:45 Deleting compressed files...
2022/09/08 19:19:45 Compressed files deleted.
2022/09/08 19:19:45 End of MariaDB backup full routine.
2022/09/08 19:29:33 #################################################################################
2022/09/08 19:29:33 Verifying if expected Environment variables are defined...
2022/09/08 19:29:33 Folder full_20220908 created successfully.
2022/09/08 19:29:33 Verifying if folder full_20220908 exists and create it if doesn't...
2022/09/08 19:29:33 Folder full_20220908 created successfully.
2022/09/08 19:29:33 Running MariaDB full backup...
2022/09/08 19:29:40 MariaDB full backup generated successfully.
2022/09/08 19:29:40 Compressing MariaDB full backup previous files...
2022/09/08 19:29:40 Compressing MariaDB full backup files.
2022/09/08 19:32:25 #################################################################################
2022/09/08 19:32:25 Verifying if expected Environment variables are defined...
2022/09/08 19:32:25 Folder full_20220908 created successfully.
2022/09/08 19:32:25 Verifying if folder full_20220908 exists and create it if doesn't...
2022/09/08 19:32:25 Deleting previous full backup...
2022/09/08 19:32:25 Previous full backup deleted successfully.
2022/09/08 19:32:25 Running MariaDB full backup...
2022/09/08 19:32:31 MariaDB full backup generated successfully.
2022/09/08 19:32:31 Compressing MariaDB full backup previous files...
2022/09/08 19:32:31 Compressing MariaDB full backup files.
2022/09/08 19:34:27 #################################################################################
2022/09/08 19:34:27 Verifying if expected Environment variables are defined...
2022/09/08 19:34:27 Folder full_20220908 created successfully.
2022/09/08 19:34:27 Verifying if folder full_20220908 exists and create it if doesn't...
2022/09/08 19:34:27 Deleting previous full backup...
2022/09/08 19:34:27 Previous full backup deleted successfully.
2022/09/08 19:34:27 Running MariaDB full backup...
2022/09/08 19:34:33 MariaDB full backup generated successfully.
2022/09/08 19:34:33 Compressing MariaDB full backup previous files...
2022/09/08 19:34:33 Compressing .
2022/09/08 20:17:27 #################################################################################
2022/09/08 20:17:27 Verifying if expected Environment variables are defined...
2022/09/08 20:17:27 Folder full_20220908 created successfully.
2022/09/08 20:17:27 Verifying if folder full_20220908 exists and create it if doesn't...
2022/09/08 20:17:27 Deleting previous full backup...
2022/09/08 20:17:27 Previous full backup deleted successfully.
2022/09/08 20:17:27 Running MariaDB full backup...
2022/09/08 20:17:37 MariaDB full backup generated successfully.
2022/09/08 20:17:37 Compressing MariaDB full backup previous files...
2022/09/08 20:17:38 Compressing .
2022/09/08 20:17:38 Error compressing mariadb full backup files.
2022/09/08 20:17:38 End of MariaDB backup full routine.
2022/09/08 20:21:33 #################################################################################
2022/09/08 20:21:33 Verifying if expected Environment variables are defined...
2022/09/08 20:21:33 Folder full_20220908 created successfully.
2022/09/08 20:21:33 Verifying if folder full_20220908 exists and create it if doesn't...
2022/09/08 20:21:33 Deleting previous full backup...
2022/09/08 20:21:33 Previous full backup deleted successfully.
2022/09/08 20:21:33 Running MariaDB full backup...
2022/09/08 20:21:40 MariaDB full backup generated successfully.
2022/09/08 20:21:40 Compressing MariaDB full backup previous files...
2022/09/08 20:21:40 MariaDB full backup previous files compressed successfuly.
2022/09/08 20:21:40 End of MariaDB backup full routine.
2022/09/08 20:22:49 #################################################################################
2022/09/08 20:22:49 Verifying if expected Environment variables are defined...
2022/09/08 20:22:49 Folder full_20220908 created successfully.
2022/09/08 20:22:49 Verifying if folder full_20220908 exists and create it if doesn't...
2022/09/08 20:22:49 Deleting previous full backup...
2022/09/08 20:22:49 Previous full backup deleted successfully.
2022/09/08 20:22:49 Running MariaDB full backup...
2022/09/08 20:22:57 MariaDB full backup generated successfully.
2022/09/08 20:22:57 Compressing MariaDB full backup previous files...
2022/09/08 20:22:57 MariaDB full backup previous files compressed successfuly.
2022/09/08 20:22:57 End of MariaDB backup full routine.
2022/09/08 20:25:50 #################################################################################
2022/09/08 20:25:50 Verifying if expected Environment variables are defined...
2022/09/08 20:25:50 Folder full_20220908 created successfully.
2022/09/08 20:25:50 Verifying if folder full_20220908 exists and create it if doesn't...
2022/09/08 20:25:50 Deleting previous full backup...
2022/09/08 20:25:50 Previous full backup deleted successfully.
2022/09/08 20:25:50 Running MariaDB full backup...
2022/09/08 20:25:57 MariaDB full backup generated successfully.
2022/09/08 20:25:57 Compressing MariaDB full backup previous files...
2022/09/08 20:25:57 MariaDB full backup previous files compressed successfuly.
2022/09/08 20:25:57 End of MariaDB backup full routine.
2022/09/08 20:28:32 #################################################################################
2022/09/08 20:28:32 Verifying if expected Environment variables are defined...
2022/09/08 20:28:32 Folder full_20220908 created successfully.
2022/09/08 20:28:32 Verifying if folder full_20220908 exists and create it if doesn't...
2022/09/08 20:28:32 Deleting previous full backup...
2022/09/08 20:28:32 Previous full backup deleted successfully.
2022/09/08 20:28:32 Running MariaDB full backup...
2022/09/08 20:28:32 MariaDB full backup generated successfully.
2022/09/08 20:28:33 Compressing MariaDB full backup previous files...
2022/09/08 20:28:33 MariaDB full backup previous files compressed successfuly.
2022/09/08 20:28:33 End of MariaDB backup full routine.
2022/09/08 20:29:04 #################################################################################
2022/09/08 20:29:04 Verifying if expected Environment variables are defined...
2022/09/08 20:29:04 Folder full_20220908 created successfully.
2022/09/08 20:29:04 Verifying if folder full_20220908 exists and create it if doesn't...
2022/09/08 20:29:04 Deleting previous full backup...
2022/09/08 20:29:04 Previous full backup deleted successfully.
2022/09/08 20:29:04 Running MariaDB full backup...
2022/09/08 20:29:04 MariaDB full backup generated successfully.
2022/09/08 20:29:04 Compressing MariaDB full backup previous files...
2022/09/08 20:29:04 Compressing .
2022/09/08 20:29:04 Error compressing mariadb full backup files.
2022/09/08 20:29:04 End of MariaDB backup full routine.
2022/09/08 20:29:27 #################################################################################
2022/09/08 20:29:27 Verifying if expected Environment variables are defined...
2022/09/08 20:29:27 Folder full_20220908 created successfully.
2022/09/08 20:29:27 Verifying if folder full_20220908 exists and create it if doesn't...
2022/09/08 20:29:27 Deleting previous full backup...
2022/09/08 20:29:27 Previous full backup deleted successfully.
2022/09/08 20:29:27 Running MariaDB full backup...
2022/09/08 20:29:28 MariaDB full backup generated successfully.
2022/09/08 20:29:28 Compressing MariaDB full backup previous files...
2022/09/08 20:29:28 Compressing $PSItem.
2022/09/08 20:29:28 Error compressing mariadb full backup files.
2022/09/08 20:29:28 End of MariaDB backup full routine.
2022/09/08 20:30:03 #################################################################################
2022/09/08 20:30:03 Verifying if expected Environment variables are defined...
2022/09/08 20:30:03 Folder full_20220908 created successfully.
2022/09/08 20:30:03 Verifying if folder full_20220908 exists and create it if doesn't...
2022/09/08 20:30:03 Deleting previous full backup...
2022/09/08 20:30:03 Previous full backup deleted successfully.
2022/09/08 20:30:03 Running MariaDB full backup...
2022/09/08 20:30:03 MariaDB full backup generated successfully.
2022/09/08 20:30:03 Compressing MariaDB full backup previous files...
2022/09/08 20:30:03 Compressing "$PSItem".
2022/09/08 20:30:03 Error compressing mariadb full backup files.
2022/09/08 20:30:03 End of MariaDB backup full routine.
2022/09/08 20:32:30 #################################################################################
2022/09/08 20:32:30 Verifying if expected Environment variables are defined...
2022/09/08 20:32:30 Folder full_20220908 created successfully.
2022/09/08 20:32:30 Verifying if folder full_20220908 exists and create it if doesn't...
2022/09/08 20:32:30 Deleting previous full backup...
2022/09/08 20:32:30 Previous full backup deleted successfully.
2022/09/08 20:32:30 Running MariaDB full backup...
2022/09/08 20:32:30 MariaDB full backup generated successfully.
2022/09/08 20:32:30 Compressing MariaDB full backup previous files...
2022/09/08 20:32:30 Compressing  $_ .
2022/09/08 20:32:30 Error compressing mariadb full backup files.
2022/09/08 20:32:30 End of MariaDB backup full routine.
2022/09/08 20:33:14 #################################################################################
2022/09/08 20:33:14 Verifying if expected Environment variables are defined...
2022/09/08 20:33:14 Folder full_20220908 created successfully.
2022/09/08 20:33:14 Verifying if folder full_20220908 exists and create it if doesn't...
2022/09/08 20:33:14 Deleting previous full backup...
2022/09/08 20:33:14 Previous full backup deleted successfully.
2022/09/08 20:33:14 Running MariaDB full backup...
2022/09/08 20:33:14 MariaDB full backup generated successfully.
2022/09/08 20:33:14 Compressing MariaDB full backup previous files...
2022/09/08 20:33:15 Compressing .
2022/09/08 20:33:15 Error compressing mariadb full backup files.
2022/09/08 20:33:15 End of MariaDB backup full routine.
2022/09/08 20:34:07 #################################################################################
2022/09/08 20:34:07 Verifying if expected Environment variables are defined...
2022/09/08 20:34:07 Folder full_20220908 created successfully.
2022/09/08 20:34:07 Verifying if folder full_20220908 exists and create it if doesn't...
2022/09/08 20:34:07 Deleting previous full backup...
2022/09/08 20:34:07 Previous full backup deleted successfully.
2022/09/08 20:34:07 Running MariaDB full backup...
2022/09/08 20:34:07 MariaDB full backup generated successfully.
2022/09/08 20:34:07 Compressing MariaDB full backup previous files...
2022/09/08 20:34:18 Compressing  $_ .
2022/09/08 20:34:18 Error compressing mariadb full backup files.
2022/09/08 20:34:18 End of MariaDB backup full routine.
2022/09/08 20:35:59 #################################################################################
2022/09/08 20:35:59 Verifying if expected Environment variables are defined...
2022/09/08 20:35:59 Folder full_20220908 created successfully.
2022/09/08 20:35:59 Verifying if folder full_20220908 exists and create it if doesn't...
2022/09/08 20:35:59 Deleting previous full backup...
2022/09/08 20:35:59 Previous full backup deleted successfully.
2022/09/08 20:35:59 Running MariaDB full backup...
2022/09/08 20:35:59 MariaDB full backup generated successfully.
2022/09/08 20:35:59 Compressing MariaDB full backup previous files...
2022/09/08 20:35:59 Compressing .
2022/09/08 20:35:59 Error compressing mariadb full backup files.
2022/09/08 20:35:59 End of MariaDB backup full routine.
2022/09/08 20:42:09 #################################################################################
2022/09/08 20:42:09 Verifying if expected Environment variables are defined...
2022/09/08 20:42:09 Folder full_20220908 created successfully.
2022/09/08 20:42:09 Verifying if folder full_20220908 exists and create it if doesn't...
2022/09/08 20:42:09 Deleting previous full backup...
2022/09/08 20:42:09 Previous full backup deleted successfully.
2022/09/08 20:42:09 Running MariaDB full backup...
2022/09/08 20:42:09 MariaDB full backup generated successfully.
2022/09/08 20:42:09 Compressing MariaDB full backup previous files...
2022/09/08 20:42:09 Compressing full_20220905 full_20220906 full_20220907.
2022/09/08 20:42:09 Error compressing mariadb full backup files.
2022/09/08 20:42:09 End of MariaDB backup full routine.
2022/09/08 20:42:51 #################################################################################
2022/09/08 20:42:51 Verifying if expected Environment variables are defined...
2022/09/08 20:42:51 Folder full_20220908 created successfully.
2022/09/08 20:42:52 Verifying if folder full_20220908 exists and create it if doesn't...
2022/09/08 20:42:52 Deleting previous full backup...
2022/09/08 20:42:52 Previous full backup deleted successfully.
2022/09/08 20:42:52 Running MariaDB full backup...
2022/09/08 20:42:52 MariaDB full backup generated successfully.
2022/09/08 20:42:52 Compressing MariaDB full backup previous files...
2022/09/08 20:42:55 Compressing .
2022/09/08 20:42:55 Error compressing mariadb full backup files.
2022/09/08 20:42:55 End of MariaDB backup full routine.
2022/09/08 20:45:06 #################################################################################
2022/09/08 20:45:06 Verifying if expected Environment variables are defined...
2022/09/08 20:45:06 Folder full_20220908 created successfully.
2022/09/08 20:45:06 Verifying if folder full_20220908 exists and create it if doesn't...
2022/09/08 20:45:06 Deleting previous full backup...
2022/09/08 20:45:06 Previous full backup deleted successfully.
2022/09/08 20:45:06 Running MariaDB full backup...
2022/09/08 20:45:06 MariaDB full backup generated successfully.
2022/09/08 20:45:06 Compressing MariaDB full backup previous files...
2022/09/08 20:45:06 Compressing full_20220905 full_20220906 full_20220907.
2022/09/08 20:45:06 Error compressing mariadb full backup files.
2022/09/08 20:45:06 End of MariaDB backup full routine.
2022/09/08 20:47:33 #################################################################################
2022/09/08 20:47:33 Verifying if expected Environment variables are defined...
2022/09/08 20:47:33 Folder full_20220908 created successfully.
2022/09/08 20:47:33 Verifying if folder full_20220908 exists and create it if doesn't...
2022/09/08 20:47:33 Deleting previous full backup...
2022/09/08 20:47:33 Previous full backup deleted successfully.
2022/09/08 20:47:34 Running MariaDB full backup...
2022/09/08 20:47:34 MariaDB full backup generated successfully.
2022/09/08 20:47:34 Compressing MariaDB full backup previous files...
2022/09/08 20:47:34 Compressing full_20220905 full_20220906 full_20220907.
2022/09/08 20:47:34 Error compressing mariadb full backup files.
2022/09/08 20:47:34 End of MariaDB backup full routine.
2022/09/08 20:48:24 #################################################################################
2022/09/08 20:48:24 Verifying if expected Environment variables are defined...
2022/09/08 20:48:24 Folder full_20220908 created successfully.
2022/09/08 20:48:24 Verifying if folder full_20220908 exists and create it if doesn't...
2022/09/08 20:48:24 Deleting previous full backup...
2022/09/08 20:48:24 Previous full backup deleted successfully.
2022/09/08 20:48:24 Running MariaDB full backup...
2022/09/08 20:48:24 MariaDB full backup generated successfully.
2022/09/08 20:48:24 Compressing MariaDB full backup previous files...
2022/09/08 20:48:24 Compressing .
2022/09/08 20:48:25 Error compressing mariadb full backup files.
2022/09/08 20:48:25 End of MariaDB backup full routine.
2022/09/08 20:51:00 #################################################################################
2022/09/08 20:51:00 Verifying if expected Environment variables are defined...
2022/09/08 20:51:00 Folder full_20220908 created successfully.
2022/09/08 20:51:00 Verifying if folder full_20220908 exists and create it if doesn't...
2022/09/08 20:51:00 Deleting previous full backup...
2022/09/08 20:51:00 Previous full backup deleted successfully.
2022/09/08 20:51:00 Running MariaDB full backup...
2022/09/08 20:51:01 MariaDB full backup generated successfully.
2022/09/08 20:51:01 Compressing MariaDB full backup previous files...
2022/09/08 20:51:01 Compressing .
2022/09/08 20:51:01 Error compressing mariadb full backup files.
2022/09/08 20:51:01 End of MariaDB backup full routine.
2022/09/08 20:52:13 #################################################################################
2022/09/08 20:52:13 Verifying if expected Environment variables are defined...
2022/09/08 20:52:13 Folder full_20220908 created successfully.
2022/09/08 20:52:13 Verifying if folder full_20220908 exists and create it if doesn't...
2022/09/08 20:52:13 Deleting previous full backup...
2022/09/08 20:52:13 Previous full backup deleted successfully.
2022/09/08 20:52:13 Running MariaDB full backup...
2022/09/08 20:52:13 MariaDB full backup generated successfully.
2022/09/08 20:52:13 Compressing MariaDB full backup previous files...
2022/09/08 20:52:13 Compressing full_20220905.
2022/09/08 20:52:14 Error compressing mariadb full backup files.
2022/09/08 20:52:14 End of MariaDB backup full routine.
2022/09/08 20:54:05 #################################################################################
2022/09/08 20:54:05 Verifying if expected Environment variables are defined...
2022/09/08 20:54:05 Folder full_20220908 created successfully.
2022/09/08 20:54:05 Verifying if folder full_20220908 exists and create it if doesn't...
2022/09/08 20:54:05 Deleting previous full backup...
2022/09/08 20:54:05 Previous full backup deleted successfully.
2022/09/08 20:54:05 Running MariaDB full backup...
2022/09/08 20:54:06 MariaDB full backup generated successfully.
2022/09/08 20:54:06 Compressing MariaDB full backup previous files...
2022/09/08 20:54:06 Compressing full_20220905.
2022/09/08 20:54:10 Deleting compressed files...
2022/09/08 20:54:10 Compressed files deleted.
2022/09/08 20:54:10 Compressing full_20220906.
2022/09/08 20:54:13 Deleting compressed files...
2022/09/08 20:54:13 Compressed files deleted.
2022/09/08 20:54:13 Compressing full_20220907.
2022/09/08 20:54:17 Deleting compressed files...
2022/09/08 20:54:17 Compressed files deleted.
2022/09/08 20:54:17 MariaDB full backup previous files compressed successfuly.
2022/09/08 20:54:17 End of MariaDB backup full routine.
2022/09/08 20:56:12 #################################################################################
2022/09/08 20:56:12 Verifying if expected Environment variables are defined...
2022/09/08 20:56:12 Folder full_20220908 created successfully.
2022/09/08 20:56:12 Verifying if folder full_20220908 exists and create it if doesn't...
2022/09/08 20:56:12 Deleting previous full backup...
2022/09/08 20:56:12 Previous full backup deleted successfully.
2022/09/08 20:56:13 Running MariaDB full backup...
2022/09/08 20:56:20 MariaDB full backup generated successfully.
2022/09/08 20:56:20 Compressing MariaDB full backup previous files...
2022/09/08 20:56:20 Compressing full_20220905.
2022/09/08 20:56:20 Deleting compressed files...
2022/09/08 20:56:20 Compressed files deleted.
2022/09/08 20:56:20 Compressing full_20220906.
2022/09/08 20:56:20 Deleting compressed files...
2022/09/08 20:56:20 Compressed files deleted.
2022/09/08 20:56:20 Compressing full_20220907.
2022/09/08 20:56:20 Deleting compressed files...
2022/09/08 20:56:20 Compressed files deleted.
2022/09/08 20:56:20 MariaDB full backup previous files compressed successfuly.
2022/09/08 20:56:20 End of MariaDB backup full routine.
2022/09/08 21:00:51 #################################################################################
2022/09/08 21:00:52 Verifying if expected Environment variables are defined...
2022/09/08 21:00:52 Folder full_20220908 created successfully.
2022/09/08 21:00:52 Verifying if folder full_20220908 exists and create it if doesn't...
2022/09/08 21:00:52 Deleting previous full backup...
2022/09/08 21:00:52 Previous full backup deleted successfully.
2022/09/08 21:00:52 Running MariaDB full backup...
2022/09/08 21:00:58 MariaDB full backup generated successfully.
2022/09/08 21:00:58 Compressing MariaDB full backup previous files...
2022/09/08 21:00:58 Compressing full_20220905.
2022/09/08 21:01:01 Deleting compressed files...
2022/09/08 21:01:01 Compressed files deleted.
2022/09/08 21:01:01 Compressing full_20220906.
2022/09/08 21:01:04 Deleting compressed files...
2022/09/08 21:01:04 Compressed files deleted.
2022/09/08 21:01:04 Compressing full_20220907.
2022/09/08 21:01:07 Deleting compressed files...
2022/09/08 21:01:07 Compressed files deleted.
2022/09/08 21:01:07 MariaDB full backup previous files compressed successfuly.
2022/09/08 21:01:07 End of MariaDB backup full routine.
2022/09/08 21:01:32 #################################################################################
2022/09/08 21:01:32 Verifying if expected Environment variables are defined...
2022/09/08 21:01:32 Folder full_20220908 created successfully.
2022/09/08 21:01:32 Verifying if folder full_20220908 exists and create it if doesn't...
2022/09/08 21:01:32 Deleting previous full backup...
2022/09/08 21:01:33 Previous full backup deleted successfully.
2022/09/08 21:01:33 Running MariaDB full backup...
2022/09/08 21:01:38 MariaDB full backup generated successfully.
2022/09/08 21:01:38 Compressing MariaDB full backup previous files...
2022/09/08 21:26:12 #################################################################################
2022/09/08 21:26:12 Verifying if expected Environment variables are defined...
2022/09/08 21:26:12 Verifying if folder full_20220908 exists and create it if doesn't...
2022/09/08 21:26:12 Previous full backup folder deleted successfully.
2022/09/08 21:26:12 Running MariaDB full backup...
2022/09/08 21:26:19 MariaDB full backup generated successfully.
2022/09/08 21:26:19 Compressing MariaDB full backup previous files...
2022/09/08 21:27:08 #################################################################################
2022/09/08 21:27:08 Verifying if expected Environment variables are defined...
2022/09/08 21:27:08 Verifying if folder full_20220908 exists and create it if doesn't...
2022/09/08 21:27:08 Previous full backup folder C:\backup\full_20220908 exists. Deleting the folder...
2022/09/08 21:27:08 Previous full backup folder deleted successfully.
2022/09/08 21:27:08 Running MariaDB full backup...
2022/09/08 21:27:15 MariaDB full backup generated successfully.
2022/09/08 21:27:15 Compressing MariaDB full backup previous files...
2022/09/10 19:00:26 #################################################################################
2022/09/10 19:00:26 Verifying if expected Environment variables are defined...
2022/09/10 19:00:26 Verifying if folder full_20220910 exists and create it if doesn't...
2022/09/10 19:00:26 Folder full_20220910 created successfully.
2022/09/10 19:00:26 Running MariaDB full backup...
2022/09/10 19:00:38 MariaDB full backup generated successfully.
2022/09/10 19:00:38 Compressing MariaDB full backup previous files...
2022/09/10 19:02:09 #################################################################################
2022/09/10 19:02:09 Verifying if expected Environment variables are defined...
2022/09/10 19:02:09 Verifying if folder full_20220910 exists and create it if doesn't...
2022/09/10 19:02:09 Previous full backup folder C:\backup\full_20220910 exists. Deleting the folder...
2022/09/10 19:02:09 Previous full backup folder deleted successfully.
2022/09/10 19:02:09 Running MariaDB full backup...
2022/09/10 19:02:17 MariaDB full backup generated successfully.
2022/09/10 19:02:17 Compressing MariaDB full backup previous files...
2022/09/10 21:28:42 #################################################################################
2022/09/10 21:28:42 Verifying if expected Environment variables are defined...
2022/09/10 21:28:42 Verifying if folder full_20220910 exists and create it if doesn't...
2022/09/10 21:28:42 Previous full backup folder C:\backup\full_20220910 exists. Deleting the folder...
2022/09/10 21:28:43 Previous full backup folder deleted successfully.
2022/09/10 21:28:43 Running MariaDB full backup...
2022/09/10 21:28:52 MariaDB full backup generated successfully.
2022/09/10 21:28:52 Compressing MariaDB full backup previous files...
2022/09/10 21:28:52 MariaDB full backup previous files compressed successfuly.
2022/09/10 21:28:52 End of MariaDB backup full routine.
2022/09/10 21:30:48 #################################################################################
2022/09/10 21:30:49 Verifying if expected Environment variables are defined...
2022/09/10 21:30:50 Verifying if folder full_20220910 exists and create it if doesn't...
2022/09/10 21:30:51 Previous full backup folder C:\backup\full_20220910 exists. Deleting the folder...
2022/09/10 21:30:53 Previous full backup folder deleted successfully.
2022/09/10 21:30:54 Running MariaDB full backup...
2022/09/10 21:31:03 MariaDB full backup generated successfully.
2022/09/10 21:31:03 End of MariaDB backup full routine.
2022/09/10 21:39:25 #################################################################################
2022/09/10 21:39:26 Verifying if expected Environment variables are defined...
2022/09/10 21:39:27 Verifying if folder full_20220910 exists and create it if doesn't...
2022/09/10 21:39:28 Previous full backup folder C:\backup\full_20220910 exists. Deleting the folder...
2022/09/10 21:39:30 Previous full backup folder deleted successfully.
2022/09/10 21:39:31 Running MariaDB full backup...
2022/09/10 21:40:18 MariaDB full backup generated successfully.
2022/09/10 21:40:19 End of MariaDB backup full routine.
