2022/09/06 21:40:10 #################################################################################
2022/09/06 21:40:10 Verifying if expected Environment variables are defined...
2022/09/06 21:40:10 Verifying if the backup full was executed previously...
2022/09/06 21:40:11 Backup full doesn't exists. Run backup full before incremental.
2022/09/06 21:42:46 #################################################################################
2022/09/06 21:42:46 Verifying if expected Environment variables are defined...
2022/09/06 21:42:46 Verifying if the backup full was executed previously...
2022/09/06 21:42:47 Verifying if the incremental_20220906_2142 folder exists and create it if doesn't...
2022/09/06 21:42:47 incremental_20220906_2142 folder created successfully
2022/09/06 21:42:48 Running MariaDB incremental backup...
2022/09/06 21:43:08 MariaDB incremental backup generated successfully.
2022/09/06 21:43:54 #################################################################################
2022/09/06 21:43:54 Verifying if expected Environment variables are defined...
2022/09/06 21:43:54 Verifying if the backup full was executed previously...
2022/09/06 21:43:54 Verifying if the incremental_20220906_2143 folder exists and create it if doesn't...
2022/09/06 21:43:57 incremental_20220906_2143 folder created successfully
2022/09/06 21:43:58 Running MariaDB incremental backup...
2022/09/06 21:44:12 MariaDB incremental backup generated successfully.
2022/09/06 21:44:15 #################################################################################
2022/09/06 21:44:15 Verifying if expected Environment variables are defined...
2022/09/06 21:44:16 Verifying if the backup full was executed previously...
2022/09/06 21:44:17 Verifying if the incremental_20220906_2144 folder exists and create it if doesn't...
2022/09/06 21:44:17 incremental_20220906_2144 folder created successfully
2022/09/06 21:44:18 Running MariaDB incremental backup...
2022/09/06 21:44:36 MariaDB incremental backup generated successfully.
2022/09/06 21:44:38 #################################################################################
2022/09/06 21:44:38 Verifying if expected Environment variables are defined...
2022/09/06 21:44:40 Verifying if the backup full was executed previously...
2022/09/06 21:44:41 Verifying if the incremental_20220906_2144 folder exists and create it if doesn't...
2022/09/06 21:44:41 Deleting previous incremental backup...
2022/09/06 21:44:42 Previous incremental backup deleted successfully...
2022/09/06 21:44:42 Running MariaDB incremental backup...
2022/09/06 21:44:56 MariaDB incremental backup generated successfully.
2022/09/06 21:47:34 #################################################################################
2022/09/06 21:47:34 Verifying if expected Environment variables are defined...
2022/09/06 21:47:34 Verifying if the backup full was executed previously...
2022/09/06 21:47:34 Verifying if the incremental_20220906_2147 folder exists and create it if doesn't...
2022/09/06 21:47:34 incremental_20220906_2147 folder created successfully
2022/09/06 21:47:34 Running MariaDB incremental backup...
2022/09/06 21:47:42 MariaDB incremental backup generated successfully.
2022/09/06 21:48:05 #################################################################################
2022/09/06 21:48:05 Verifying if expected Environment variables are defined...
2022/09/06 21:48:05 Verifying if the backup full was executed previously...
2022/09/06 21:48:05 Verifying if the incremental_20220906_2148 folder exists and create it if doesn't...
2022/09/06 21:48:05 incremental_20220906_2148 folder created successfully
2022/09/06 21:48:05 Running MariaDB incremental backup...
2022/09/06 21:48:13 MariaDB incremental backup generated successfully.
2022/09/06 21:48:14 #################################################################################
2022/09/06 21:48:14 Verifying if expected Environment variables are defined...
2022/09/06 21:48:14 Verifying if the backup full was executed previously...
2022/09/06 21:48:14 Verifying if the incremental_20220906_2148 folder exists and create it if doesn't...
2022/09/06 21:48:14 Previous incremental backup found. Deleting previous incremental backup...
2022/09/06 21:48:14 Previous incremental backup deleted successfully.
2022/09/06 21:48:15 Running MariaDB incremental backup...
2022/09/06 21:48:23 MariaDB incremental backup generated successfully.
2022/09/06 21:51:25 #################################################################################
2022/09/06 21:51:25 Verifying if expected Environment variables are defined...
2022/09/06 21:51:25 Environment variables found sucessfuly.
2022/09/06 21:51:25 Verifying if the backup full was executed previously...
2022/09/06 21:51:25 Backup full found as expected.
2022/09/06 21:51:25 Verifying if the incremental_20220906_2151 folder exists and create it if doesn't...
2022/09/06 21:51:25 Folder incremental_20220906_2151 created successfully
2022/09/06 21:51:26 Running MariaDB incremental backup...
2022/09/06 21:51:30 MariaDB incremental backup generated successfully.
2022/09/06 21:53:07 #################################################################################
2022/09/06 21:53:07 Verifying if expected Environment variables are defined...
2022/09/06 21:53:07 Environment variables found sucessfuly.
2022/09/06 21:53:08 Verifying if the backup full was executed previously in folder full_20220906...
2022/09/06 21:53:08 Backup full found as expected.
2022/09/06 21:53:08 Verifying if the incremental_20220906_2153 folder exists and create it if doesn't...
2022/09/06 21:53:08 Folder incremental_20220906_2153 created successfully.
2022/09/06 21:53:08 Running MariaDB incremental backup...
2022/09/06 21:53:17 MariaDB incremental backup generated successfully.
